<?xml version="1.0" encoding="UTF-8"?>
<!-- Generated by org.testng.reporters.JUnitReportReporter -->
<testsuite skipped="0" hostname="LAPTOP-MJBTG76S" name="May.May.DeleteUser" tests="1" failures="0" timestamp="13 Jun 2020 10:35:02 GMT" time="3.664" errors="0">
  <testcase name="deleteUser" time="3.664" classname="May.May.DeleteUser"/>
</testsuite> <!-- May.May.DeleteUser -->
