<?xml version="1.0" encoding="UTF-8"?>
<!-- Generated by org.testng.reporters.JUnitReportReporter -->
<testsuite skipped="0" hostname="LAPTOP-MJBTG76S" name="May.May.GetListOfUser" tests="1" failures="0" timestamp="13 Jun 2020 10:35:17 GMT" time="4.827" errors="0">
  <testcase name="getUserList" time="4.827" classname="May.May.GetListOfUser"/>
</testsuite> <!-- May.May.GetListOfUser -->
