<?xml version="1.0" encoding="UTF-8"?>
<!-- Generated by org.testng.reporters.JUnitReportReporter -->
<testsuite skipped="0" hostname="LAPTOP-MJBTG76S" name="May.May.updateUser" tests="1" failures="0" timestamp="13 Jun 2020 10:35:36 GMT" time="3.631" errors="0">
  <testcase name="updateUserList" time="3.631" classname="May.May.updateUser"/>
</testsuite> <!-- May.May.updateUser -->
