<?xml version="1.0" encoding="UTF-8"?>
<!-- Generated by org.testng.reporters.JUnitReportReporter -->
<testsuite skipped="0" hostname="LAPTOP-MJBTG76S" name="May.May.CreateNewUser" tests="1" failures="0" timestamp="13 Jun 2020 10:34:41 GMT" time="5.478" errors="0">
  <testcase name="createUser" time="5.478" classname="May.May.CreateNewUser"/>
</testsuite> <!-- May.May.CreateNewUser -->
