<?xml version="1.0" encoding="UTF-8"?>
<!-- Generated by org.testng.reporters.JUnitReportReporter -->
<testsuite skipped="0" hostname="LAPTOP-MJBTG76S" name="May.May.App" tests="1" failures="0" timestamp="31 May 2020 10:31:31 GMT" time="4.336" errors="0">
  <testcase name="getUserList" time="4.336" classname="May.May.App"/>
</testsuite> <!-- May.May.App -->
