<?xml version="1.0" encoding="UTF-8"?>
<!-- Generated by org.testng.reporters.JUnitReportReporter -->
<testsuite skipped="0" hostname="LAPTOP-MJBTG76S" name="May.May.CreateAndDeleteUser" tests="1" failures="0" timestamp="31 May 2020 11:29:38 GMT" time="4.823" errors="0">
  <testcase name="createNewUserAndDelete" time="4.823" classname="May.May.CreateAndDeleteUser"/>
</testsuite> <!-- May.May.CreateAndDeleteUser -->
